<?xml version="1.0" encoding="UTF-8"?>
<!-- Generated by org.testng.reporters.JUnitXMLReporter -->
<testsuite hostname="Sucheendra-PC" ignored="1" name="Login" tests="1" failures="0" timestamp="23 Aug 2018 07:47:49 GMT" time="0.031" errors="0">
  <testcase name="positiveCredential2" time="0.009" classname="com.abc.test.Script4"/>
  <testcase name="positiveCredential1" time="0.0" classname="com.abc.test.Script4">
    <ignored/>
  </testcase> <!-- positiveCredential1 -->
</testsuite> <!-- Login -->
